[0.054s] DEBUG:colcon:Command line arguments: ['/usr/bin/colcon', 'build', '--symlink-install']
[0.054s] DEBUG:colcon:Parsed command line arguments: Namespace(log_base=None, log_level=None, verb_name='build', build_base='build', install_base='install', merge_install=False, symlink_install=True, test_result_base=None, continue_on_error=False, executor='parallel', parallel_workers=12, event_handlers=None, ignore_user_meta=False, metas=['./colcon.meta'], base_paths=['.'], packages_ignore=None, packages_ignore_regex=None, paths=None, packages_up_to=None, packages_up_to_regex=None, packages_above=None, packages_above_and_dependencies=None, packages_above_depth=None, packages_select_by_dep=None, packages_skip_by_dep=None, packages_skip_up_to=None, packages_select_build_failed=False, packages_skip_build_finished=False, packages_select_test_failures=False, packages_skip_test_passed=False, packages_select=None, packages_skip=None, packages_select_regex=None, packages_skip_regex=None, packages_start=None, packages_end=None, allow_overriding=[], cmake_args=None, cmake_target=None, cmake_target_skip_unavailable=False, cmake_clean_cache=False, cmake_clean_first=False, cmake_force_configure=False, ament_cmake_args=None, catkin_cmake_args=None, catkin_skip_building_tests=False, mixin_files=None, mixin=None, verb_parser=<colcon_mixin.mixin.mixin_argument.MixinArgumentDecorator object at 0x7c6fb0e63550>, verb_extension=<colcon_core.verb.build.BuildVerb object at 0x7c6fb0fa4520>, main=<bound method BuildVerb.main of <colcon_core.verb.build.BuildVerb object at 0x7c6fb0fa4520>>, mixin_verb=('build',))
[0.126s] Level 1:colcon.colcon_core.package_discovery:discover_packages(colcon_meta) check parameters
[0.126s] Level 1:colcon.colcon_core.package_discovery:discover_packages(recursive) check parameters
[0.126s] Level 1:colcon.colcon_core.package_discovery:discover_packages(ignore) check parameters
[0.126s] Level 1:colcon.colcon_core.package_discovery:discover_packages(path) check parameters
[0.126s] Level 1:colcon.colcon_core.package_discovery:discover_packages(colcon_meta) discover
[0.126s] Level 1:colcon.colcon_core.package_discovery:discover_packages(recursive) discover
[0.126s] INFO:colcon.colcon_core.package_discovery:Crawling recursively for packages in '/root/ACNMR/hybrid_a_star_ws'
[0.126s] Level 1:colcon.colcon_core.package_identification:_identify(.) by extensions ['ignore', 'ignore_ament_install']
[0.126s] Level 1:colcon.colcon_core.package_identification:_identify(.) by extension 'ignore'
[0.126s] Level 1:colcon.colcon_core.package_identification:_identify(.) by extension 'ignore_ament_install'
[0.126s] Level 1:colcon.colcon_core.package_identification:_identify(.) by extensions ['colcon_pkg']
[0.126s] Level 1:colcon.colcon_core.package_identification:_identify(.) by extension 'colcon_pkg'
[0.126s] Level 1:colcon.colcon_core.package_identification:_identify(.) by extensions ['colcon_meta']
[0.126s] Level 1:colcon.colcon_core.package_identification:_identify(.) by extension 'colcon_meta'
[0.126s] Level 1:colcon.colcon_core.package_identification:_identify(.) by extensions ['ros']
[0.126s] Level 1:colcon.colcon_core.package_identification:_identify(.) by extension 'ros'
[0.132s] Level 1:colcon.colcon_core.package_identification:_identify(.) by extensions ['cmake', 'python']
[0.132s] Level 1:colcon.colcon_core.package_identification:_identify(.) by extension 'cmake'
[0.132s] Level 1:colcon.colcon_core.package_identification:_identify(.) by extension 'python'
[0.132s] Level 1:colcon.colcon_core.package_identification:_identify(.) by extensions ['python_setup_py']
[0.133s] Level 1:colcon.colcon_core.package_identification:_identify(.) by extension 'python_setup_py'
[0.133s] Level 1:colcon.colcon_core.package_identification:_identify(build) by extensions ['ignore', 'ignore_ament_install']
[0.133s] Level 1:colcon.colcon_core.package_identification:_identify(build) by extension 'ignore'
[0.133s] Level 1:colcon.colcon_core.package_identification:_identify(build) ignored
[0.133s] Level 1:colcon.colcon_core.package_identification:_identify(install) by extensions ['ignore', 'ignore_ament_install']
[0.133s] Level 1:colcon.colcon_core.package_identification:_identify(install) by extension 'ignore'
[0.133s] Level 1:colcon.colcon_core.package_identification:_identify(install) ignored
[0.133s] Level 1:colcon.colcon_core.package_identification:_identify(log) by extensions ['ignore', 'ignore_ament_install']
[0.133s] Level 1:colcon.colcon_core.package_identification:_identify(log) by extension 'ignore'
[0.133s] Level 1:colcon.colcon_core.package_identification:_identify(log) ignored
[0.133s] Level 1:colcon.colcon_core.package_identification:_identify(src) by extensions ['ignore', 'ignore_ament_install']
[0.133s] Level 1:colcon.colcon_core.package_identification:_identify(src) by extension 'ignore'
[0.133s] Level 1:colcon.colcon_core.package_identification:_identify(src) by extension 'ignore_ament_install'
[0.133s] Level 1:colcon.colcon_core.package_identification:_identify(src) by extensions ['colcon_pkg']
[0.133s] Level 1:colcon.colcon_core.package_identification:_identify(src) by extension 'colcon_pkg'
[0.133s] Level 1:colcon.colcon_core.package_identification:_identify(src) by extensions ['colcon_meta']
[0.133s] Level 1:colcon.colcon_core.package_identification:_identify(src) by extension 'colcon_meta'
[0.133s] Level 1:colcon.colcon_core.package_identification:_identify(src) by extensions ['ros']
[0.133s] Level 1:colcon.colcon_core.package_identification:_identify(src) by extension 'ros'
[0.133s] Level 1:colcon.colcon_core.package_identification:_identify(src) by extensions ['cmake', 'python']
[0.133s] Level 1:colcon.colcon_core.package_identification:_identify(src) by extension 'cmake'
[0.133s] Level 1:colcon.colcon_core.package_identification:_identify(src) by extension 'python'
[0.133s] Level 1:colcon.colcon_core.package_identification:_identify(src) by extensions ['python_setup_py']
[0.133s] Level 1:colcon.colcon_core.package_identification:_identify(src) by extension 'python_setup_py'
[0.133s] Level 1:colcon.colcon_core.package_identification:_identify(src/Hybrid_A_Star) by extensions ['ignore', 'ignore_ament_install']
[0.133s] Level 1:colcon.colcon_core.package_identification:_identify(src/Hybrid_A_Star) by extension 'ignore'
[0.133s] Level 1:colcon.colcon_core.package_identification:_identify(src/Hybrid_A_Star) by extension 'ignore_ament_install'
[0.133s] Level 1:colcon.colcon_core.package_identification:_identify(src/Hybrid_A_Star) by extensions ['colcon_pkg']
[0.133s] Level 1:colcon.colcon_core.package_identification:_identify(src/Hybrid_A_Star) by extension 'colcon_pkg'
[0.133s] Level 1:colcon.colcon_core.package_identification:_identify(src/Hybrid_A_Star) by extensions ['colcon_meta']
[0.133s] Level 1:colcon.colcon_core.package_identification:_identify(src/Hybrid_A_Star) by extension 'colcon_meta'
[0.133s] Level 1:colcon.colcon_core.package_identification:_identify(src/Hybrid_A_Star) by extensions ['ros']
[0.133s] Level 1:colcon.colcon_core.package_identification:_identify(src/Hybrid_A_Star) by extension 'ros'
[0.135s] DEBUG:colcon.colcon_core.package_identification:Package 'src/Hybrid_A_Star' with type 'ros.ament_cmake' and name 'hybrid_a_star'
[0.135s] Level 1:colcon.colcon_core.package_discovery:discover_packages(recursive) using defaults
[0.135s] Level 1:colcon.colcon_core.package_discovery:discover_packages(ignore) discover
[0.135s] Level 1:colcon.colcon_core.package_discovery:discover_packages(ignore) using defaults
[0.135s] Level 1:colcon.colcon_core.package_discovery:discover_packages(path) discover
[0.135s] Level 1:colcon.colcon_core.package_discovery:discover_packages(path) using defaults
[0.145s] Level 1:colcon.colcon_core.package_discovery:discover_packages(prefix_path) check parameters
[0.145s] Level 1:colcon.colcon_core.package_discovery:discover_packages(prefix_path) discover
[0.146s] WARNING:colcon.colcon_ros.prefix_path.ament:The path '/root/ACNMR/hybrid_a_star_ws/install/hybrid_a_star' in the environment variable AMENT_PREFIX_PATH doesn't exist
[0.146s] WARNING:colcon.colcon_ros.prefix_path.catkin:The path '/root/ACNMR/hybrid_a_star_ws/install/hybrid_a_star' in the environment variable CMAKE_PREFIX_PATH doesn't exist
[0.147s] DEBUG:colcon.colcon_installed_package_information.package_discovery:Found 0 installed packages in /root/ACNMR/hybrid_a_star_ws/install
[0.147s] DEBUG:colcon.colcon_installed_package_information.package_discovery:Found 280 installed packages in /opt/ros/humble
[0.154s] Level 1:colcon.colcon_core.package_discovery:discover_packages(prefix_path) using defaults
[0.172s] Level 5:colcon.colcon_core.verb:set package 'hybrid_a_star' build argument 'cmake_args' from command line to 'None'
[0.172s] Level 5:colcon.colcon_core.verb:set package 'hybrid_a_star' build argument 'cmake_target' from command line to 'None'
[0.172s] Level 5:colcon.colcon_core.verb:set package 'hybrid_a_star' build argument 'cmake_target_skip_unavailable' from command line to 'False'
[0.172s] Level 5:colcon.colcon_core.verb:set package 'hybrid_a_star' build argument 'cmake_clean_cache' from command line to 'False'
[0.172s] Level 5:colcon.colcon_core.verb:set package 'hybrid_a_star' build argument 'cmake_clean_first' from command line to 'False'
[0.172s] Level 5:colcon.colcon_core.verb:set package 'hybrid_a_star' build argument 'cmake_force_configure' from command line to 'False'
[0.172s] Level 5:colcon.colcon_core.verb:set package 'hybrid_a_star' build argument 'ament_cmake_args' from command line to 'None'
[0.172s] Level 5:colcon.colcon_core.verb:set package 'hybrid_a_star' build argument 'catkin_cmake_args' from command line to 'None'
[0.172s] Level 5:colcon.colcon_core.verb:set package 'hybrid_a_star' build argument 'catkin_skip_building_tests' from command line to 'False'
[0.172s] DEBUG:colcon.colcon_core.verb:Building package 'hybrid_a_star' with the following arguments: {'ament_cmake_args': None, 'build_base': '/root/ACNMR/hybrid_a_star_ws/build/hybrid_a_star', 'catkin_cmake_args': None, 'catkin_skip_building_tests': False, 'cmake_args': None, 'cmake_clean_cache': False, 'cmake_clean_first': False, 'cmake_force_configure': False, 'cmake_target': None, 'cmake_target_skip_unavailable': False, 'install_base': '/root/ACNMR/hybrid_a_star_ws/install/hybrid_a_star', 'merge_install': False, 'path': '/root/ACNMR/hybrid_a_star_ws/src/Hybrid_A_Star', 'symlink_install': True, 'test_result_base': None}
[0.172s] INFO:colcon.colcon_core.executor:Executing jobs using 'parallel' executor
[0.173s] DEBUG:colcon.colcon_parallel_executor.executor.parallel:run_until_complete
[0.173s] INFO:colcon.colcon_ros.task.ament_cmake.build:Building ROS package in '/root/ACNMR/hybrid_a_star_ws/src/Hybrid_A_Star' with build type 'ament_cmake'
[0.173s] INFO:colcon.colcon_cmake.task.cmake.build:Building CMake package in '/root/ACNMR/hybrid_a_star_ws/src/Hybrid_A_Star'
[0.175s] INFO:colcon.colcon_core.plugin_system:Skipping extension 'colcon_core.shell.bat': Not used on non-Windows systems
[0.175s] INFO:colcon.colcon_core.shell:Skip shell extension 'powershell' for command environment: Not usable outside of PowerShell
[0.175s] DEBUG:colcon.colcon_core.shell:Skip shell extension 'dsv' for command environment
[0.181s] DEBUG:colcon.colcon_core.event_handler.log_command:Invoking command in '/root/ACNMR/hybrid_a_star_ws/build/hybrid_a_star': CMAKE_PREFIX_PATH=${CMAKE_PREFIX_PATH}:/opt/ros/humble /usr/bin/cmake /root/ACNMR/hybrid_a_star_ws/src/Hybrid_A_Star -DAMENT_CMAKE_SYMLINK_INSTALL=1 -DCMAKE_INSTALL_PREFIX=/root/ACNMR/hybrid_a_star_ws/install/hybrid_a_star
[1.221s] DEBUG:colcon.colcon_core.event_handler.log_command:Invoked command in '/root/ACNMR/hybrid_a_star_ws/build/hybrid_a_star' returned '0': CMAKE_PREFIX_PATH=${CMAKE_PREFIX_PATH}:/opt/ros/humble /usr/bin/cmake /root/ACNMR/hybrid_a_star_ws/src/Hybrid_A_Star -DAMENT_CMAKE_SYMLINK_INSTALL=1 -DCMAKE_INSTALL_PREFIX=/root/ACNMR/hybrid_a_star_ws/install/hybrid_a_star
[1.221s] DEBUG:colcon.colcon_core.event_handler.log_command:Invoking command in '/root/ACNMR/hybrid_a_star_ws/build/hybrid_a_star': CMAKE_PREFIX_PATH=${CMAKE_PREFIX_PATH}:/opt/ros/humble /usr/bin/cmake --build /root/ACNMR/hybrid_a_star_ws/build/hybrid_a_star -- -j12 -l12
[13.233s] DEBUG:colcon.colcon_core.event_handler.log_command:Invoked command in '/root/ACNMR/hybrid_a_star_ws/build/hybrid_a_star' returned '0': CMAKE_PREFIX_PATH=${CMAKE_PREFIX_PATH}:/opt/ros/humble /usr/bin/cmake --build /root/ACNMR/hybrid_a_star_ws/build/hybrid_a_star -- -j12 -l12
[13.245s] DEBUG:colcon.colcon_core.event_handler.log_command:Invoking command in '/root/ACNMR/hybrid_a_star_ws/build/hybrid_a_star': CMAKE_PREFIX_PATH=${CMAKE_PREFIX_PATH}:/opt/ros/humble /usr/bin/cmake --install /root/ACNMR/hybrid_a_star_ws/build/hybrid_a_star
[13.663s] Level 1:colcon.colcon_core.environment:create_environment_scripts_only(hybrid_a_star)
[13.664s] DEBUG:colcon.colcon_core.event_handler.log_command:Invoked command in '/root/ACNMR/hybrid_a_star_ws/build/hybrid_a_star' returned '0': CMAKE_PREFIX_PATH=${CMAKE_PREFIX_PATH}:/opt/ros/humble /usr/bin/cmake --install /root/ACNMR/hybrid_a_star_ws/build/hybrid_a_star
[13.667s] Level 1:colcon.colcon_core.environment:checking '/root/ACNMR/hybrid_a_star_ws/install/hybrid_a_star' for CMake module files
[13.668s] Level 1:colcon.colcon_core.environment:checking '/root/ACNMR/hybrid_a_star_ws/install/hybrid_a_star' for CMake config files
[13.668s] Level 1:colcon.colcon_core.shell:create_environment_hook('hybrid_a_star', 'cmake_prefix_path')
[13.668s] INFO:colcon.colcon_core.shell:Creating environment hook '/root/ACNMR/hybrid_a_star_ws/install/hybrid_a_star/share/hybrid_a_star/hook/cmake_prefix_path.ps1'
[13.669s] INFO:colcon.colcon_core.shell:Creating environment descriptor '/root/ACNMR/hybrid_a_star_ws/install/hybrid_a_star/share/hybrid_a_star/hook/cmake_prefix_path.dsv'
[13.670s] INFO:colcon.colcon_core.shell:Creating environment hook '/root/ACNMR/hybrid_a_star_ws/install/hybrid_a_star/share/hybrid_a_star/hook/cmake_prefix_path.sh'
[13.671s] Level 1:colcon.colcon_core.environment:checking '/root/ACNMR/hybrid_a_star_ws/install/hybrid_a_star/lib'
[13.671s] Level 1:colcon.colcon_core.shell:create_environment_hook('hybrid_a_star', 'ld_library_path_lib')
[13.671s] INFO:colcon.colcon_core.shell:Creating environment hook '/root/ACNMR/hybrid_a_star_ws/install/hybrid_a_star/share/hybrid_a_star/hook/ld_library_path_lib.ps1'
[13.672s] INFO:colcon.colcon_core.shell:Creating environment descriptor '/root/ACNMR/hybrid_a_star_ws/install/hybrid_a_star/share/hybrid_a_star/hook/ld_library_path_lib.dsv'
[13.672s] INFO:colcon.colcon_core.shell:Creating environment hook '/root/ACNMR/hybrid_a_star_ws/install/hybrid_a_star/share/hybrid_a_star/hook/ld_library_path_lib.sh'
[13.672s] Level 1:colcon.colcon_core.environment:checking '/root/ACNMR/hybrid_a_star_ws/install/hybrid_a_star/bin'
[13.673s] Level 1:colcon.colcon_core.environment:checking '/root/ACNMR/hybrid_a_star_ws/install/hybrid_a_star/lib/pkgconfig/hybrid_a_star.pc'
[13.673s] Level 1:colcon.colcon_core.environment:checking '/root/ACNMR/hybrid_a_star_ws/install/hybrid_a_star/lib/python3.10/site-packages'
[13.673s] Level 1:colcon.colcon_core.environment:checking '/root/ACNMR/hybrid_a_star_ws/install/hybrid_a_star/bin'
[13.673s] INFO:colcon.colcon_core.shell:Creating package script '/root/ACNMR/hybrid_a_star_ws/install/hybrid_a_star/share/hybrid_a_star/package.ps1'
[13.674s] INFO:colcon.colcon_core.shell:Creating package descriptor '/root/ACNMR/hybrid_a_star_ws/install/hybrid_a_star/share/hybrid_a_star/package.dsv'
[13.674s] INFO:colcon.colcon_core.shell:Creating package script '/root/ACNMR/hybrid_a_star_ws/install/hybrid_a_star/share/hybrid_a_star/package.sh'
[13.675s] INFO:colcon.colcon_core.shell:Creating package script '/root/ACNMR/hybrid_a_star_ws/install/hybrid_a_star/share/hybrid_a_star/package.bash'
[13.676s] INFO:colcon.colcon_core.shell:Creating package script '/root/ACNMR/hybrid_a_star_ws/install/hybrid_a_star/share/hybrid_a_star/package.zsh'
[13.676s] Level 1:colcon.colcon_core.environment:create_file_with_runtime_dependencies(/root/ACNMR/hybrid_a_star_ws/install/hybrid_a_star/share/colcon-core/packages/hybrid_a_star)
[13.677s] Level 1:colcon.colcon_core.environment:create_environment_scripts_only(hybrid_a_star)
[13.677s] Level 1:colcon.colcon_core.environment:checking '/root/ACNMR/hybrid_a_star_ws/install/hybrid_a_star' for CMake module files
[13.677s] Level 1:colcon.colcon_core.environment:checking '/root/ACNMR/hybrid_a_star_ws/install/hybrid_a_star' for CMake config files
[13.677s] Level 1:colcon.colcon_core.shell:create_environment_hook('hybrid_a_star', 'cmake_prefix_path')
[13.677s] INFO:colcon.colcon_core.shell:Creating environment hook '/root/ACNMR/hybrid_a_star_ws/install/hybrid_a_star/share/hybrid_a_star/hook/cmake_prefix_path.ps1'
[13.678s] INFO:colcon.colcon_core.shell:Creating environment descriptor '/root/ACNMR/hybrid_a_star_ws/install/hybrid_a_star/share/hybrid_a_star/hook/cmake_prefix_path.dsv'
[13.678s] INFO:colcon.colcon_core.shell:Creating environment hook '/root/ACNMR/hybrid_a_star_ws/install/hybrid_a_star/share/hybrid_a_star/hook/cmake_prefix_path.sh'
[13.678s] Level 1:colcon.colcon_core.environment:checking '/root/ACNMR/hybrid_a_star_ws/install/hybrid_a_star/lib'
[13.678s] Level 1:colcon.colcon_core.shell:create_environment_hook('hybrid_a_star', 'ld_library_path_lib')
[13.679s] INFO:colcon.colcon_core.shell:Creating environment hook '/root/ACNMR/hybrid_a_star_ws/install/hybrid_a_star/share/hybrid_a_star/hook/ld_library_path_lib.ps1'
[13.679s] INFO:colcon.colcon_core.shell:Creating environment descriptor '/root/ACNMR/hybrid_a_star_ws/install/hybrid_a_star/share/hybrid_a_star/hook/ld_library_path_lib.dsv'
[13.679s] INFO:colcon.colcon_core.shell:Creating environment hook '/root/ACNMR/hybrid_a_star_ws/install/hybrid_a_star/share/hybrid_a_star/hook/ld_library_path_lib.sh'
[13.679s] Level 1:colcon.colcon_core.environment:checking '/root/ACNMR/hybrid_a_star_ws/install/hybrid_a_star/bin'
[13.679s] Level 1:colcon.colcon_core.environment:checking '/root/ACNMR/hybrid_a_star_ws/install/hybrid_a_star/lib/pkgconfig/hybrid_a_star.pc'
[13.679s] Level 1:colcon.colcon_core.environment:checking '/root/ACNMR/hybrid_a_star_ws/install/hybrid_a_star/lib/python3.10/site-packages'
[13.679s] Level 1:colcon.colcon_core.environment:checking '/root/ACNMR/hybrid_a_star_ws/install/hybrid_a_star/bin'
[13.680s] INFO:colcon.colcon_core.shell:Creating package script '/root/ACNMR/hybrid_a_star_ws/install/hybrid_a_star/share/hybrid_a_star/package.ps1'
[13.680s] INFO:colcon.colcon_core.shell:Creating package descriptor '/root/ACNMR/hybrid_a_star_ws/install/hybrid_a_star/share/hybrid_a_star/package.dsv'
[13.680s] INFO:colcon.colcon_core.shell:Creating package script '/root/ACNMR/hybrid_a_star_ws/install/hybrid_a_star/share/hybrid_a_star/package.sh'
[13.680s] INFO:colcon.colcon_core.shell:Creating package script '/root/ACNMR/hybrid_a_star_ws/install/hybrid_a_star/share/hybrid_a_star/package.bash'
[13.680s] INFO:colcon.colcon_core.shell:Creating package script '/root/ACNMR/hybrid_a_star_ws/install/hybrid_a_star/share/hybrid_a_star/package.zsh'
[13.681s] Level 1:colcon.colcon_core.environment:create_file_with_runtime_dependencies(/root/ACNMR/hybrid_a_star_ws/install/hybrid_a_star/share/colcon-core/packages/hybrid_a_star)
[13.681s] DEBUG:colcon.colcon_parallel_executor.executor.parallel:closing loop
[13.681s] DEBUG:colcon.colcon_parallel_executor.executor.parallel:loop closed
[13.681s] DEBUG:colcon.colcon_parallel_executor.executor.parallel:run_until_complete finished with '0'
[13.681s] DEBUG:colcon.colcon_core.event_reactor:joining thread
[13.686s] INFO:colcon.colcon_core.plugin_system:Skipping extension 'colcon_notification.desktop_notification.notify_send': Could not find 'notify-send'
[13.686s] INFO:colcon.colcon_core.plugin_system:Skipping extension 'colcon_notification.desktop_notification.terminal_notifier': Not used on non-Darwin systems
[13.686s] INFO:colcon.colcon_core.plugin_system:Skipping extension 'colcon_notification.desktop_notification.win32': Not used on non-Windows systems
[13.686s] INFO:colcon.colcon_notification.desktop_notification:Sending desktop notification using 'notify2'
[13.689s] DEBUG:colcon.colcon_notification.desktop_notification.notify2:Failed to initialize notify2: org.freedesktop.DBus.Error.Spawn.ExecFailed: /usr/bin/dbus-launch terminated abnormally without any error message
[13.690s] DEBUG:colcon.colcon_core.event_reactor:joined thread
[13.690s] INFO:colcon.colcon_core.shell:Creating prefix script '/root/ACNMR/hybrid_a_star_ws/install/local_setup.ps1'
[13.691s] INFO:colcon.colcon_core.shell:Creating prefix util module '/root/ACNMR/hybrid_a_star_ws/install/_local_setup_util_ps1.py'
[13.692s] INFO:colcon.colcon_core.shell:Creating prefix chain script '/root/ACNMR/hybrid_a_star_ws/install/setup.ps1'
[13.693s] INFO:colcon.colcon_core.shell:Creating prefix script '/root/ACNMR/hybrid_a_star_ws/install/local_setup.sh'
[13.693s] INFO:colcon.colcon_core.shell:Creating prefix util module '/root/ACNMR/hybrid_a_star_ws/install/_local_setup_util_sh.py'
[13.694s] INFO:colcon.colcon_core.shell:Creating prefix chain script '/root/ACNMR/hybrid_a_star_ws/install/setup.sh'
[13.694s] INFO:colcon.colcon_core.shell:Creating prefix script '/root/ACNMR/hybrid_a_star_ws/install/local_setup.bash'
[13.695s] INFO:colcon.colcon_core.shell:Creating prefix chain script '/root/ACNMR/hybrid_a_star_ws/install/setup.bash'
[13.695s] INFO:colcon.colcon_core.shell:Creating prefix script '/root/ACNMR/hybrid_a_star_ws/install/local_setup.zsh'
[13.695s] INFO:colcon.colcon_core.shell:Creating prefix chain script '/root/ACNMR/hybrid_a_star_ws/install/setup.zsh'
