-- The C compiler identification is GNU 11.4.0
-- The CXX compiler identification is GNU 11.4.0
-- Detecting C compiler ABI info
-- Detecting C compiler ABI info - done
-- Check for working C compiler: /usr/bin/cc - skipped
-- Detecting C compile features
-- Detecting C compile features - done
-- Detecting CXX compiler ABI info
-- Detecting CXX compiler ABI info - done
-- Check for working CXX compiler: /usr/bin/c++ - skipped
-- Detecting CXX compile features
-- Detecting CXX compile features - done
-- Hybrid A* Planner
-- Author: Zhang Zhimeng
-- Found ament_cmake: 1.3.11 (/opt/ros/humble/share/ament_cmake/cmake)
-- Found Python3: /usr/bin/python3 (found version "3.10.12") found components: Interpreter 
-- Override CMake install command with custom implementation using symlinks instead of copying resources
-- Found rclcpp: 16.0.11 (/opt/ros/humble/share/rclcpp/cmake)
-- Found rosidl_generator_c: 3.1.6 (/opt/ros/humble/share/rosidl_generator_c/cmake)
-- Found rosidl_adapter: 3.1.6 (/opt/ros/humble/share/rosidl_adapter/cmake)
-- Found rosidl_generator_cpp: 3.1.6 (/opt/ros/humble/share/rosidl_generator_cpp/cmake)
-- Using all available rosidl_typesupport_c: rosidl_typesupport_fastrtps_c;rosidl_typesupport_introspection_c
-- Using all available rosidl_typesupport_cpp: rosidl_typesupport_fastrtps_cpp;rosidl_typesupport_introspection_cpp
-- Found rmw_implementation_cmake: 6.1.2 (/opt/ros/humble/share/rmw_implementation_cmake/cmake)
-- Found rmw_fastrtps_cpp: 6.2.7 (/opt/ros/humble/share/rmw_fastrtps_cpp/cmake)
-- Found OpenSSL: /usr/lib/x86_64-linux-gnu/libcrypto.so (found version "3.0.2")  
-- Found FastRTPS: /opt/ros/humble/include  
-- Using RMW implementation 'rmw_fastrtps_cpp' as default
-- Looking for pthread.h
-- Looking for pthread.h - found
-- Performing Test CMAKE_HAVE_LIBC_PTHREAD
-- Performing Test CMAKE_HAVE_LIBC_PTHREAD - Success
-- Found Threads: TRUE  
-- Found nav_msgs: 4.2.4 (/opt/ros/humble/share/nav_msgs/cmake)
-- Found visualization_msgs: 4.2.4 (/opt/ros/humble/share/visualization_msgs/cmake)
-- Found tf2: 0.25.12 (/opt/ros/humble/share/tf2/cmake)
-- Found tf2_ros: 0.25.12 (/opt/ros/humble/share/tf2_ros/cmake)
-- Found tf2_geometry_msgs: 0.25.12 (/opt/ros/humble/share/tf2_geometry_msgs/cmake)
-- Found eigen3_cmake_module: 0.1.1 (/opt/ros/humble/share/eigen3_cmake_module/cmake)
-- Found Eigen3: TRUE (found version "3.4.0") 
-- Ensuring Eigen3 include directory is part of orocos-kdl CMake target
-- Found Glog: /usr/include  
-- Found glog    (include: /usr/include, library: /usr/lib/x86_64-linux-gnu/libglog.so)
-- Found Eigen: /usr/include/eigen3 (found version "3.4.0") 
-- Configuring done
-- Generating done
-- Build files have been written to: /root/ACNMR/hybrid_a_star_ws/build/hybrid_a_star
[ 22%] [32mBuilding CXX object CMakeFiles/hybrid_a_star_lib.dir/src/hybrid_a_star.cpp.o[0m
[ 22%] [32mBuilding CXX object CMakeFiles/hybrid_a_star_lib.dir/src/goal_pose_subscriber.cpp.o[0m
[ 33%] [32mBuilding CXX object CMakeFiles/hybrid_a_star_lib.dir/src/costmap_subscriber.cpp.o[0m
[ 44%] [32mBuilding CXX object CMakeFiles/hybrid_a_star_lib.dir/src/init_pose_subscriber.cpp.o[0m
[ 55%] [32mBuilding CXX object CMakeFiles/hybrid_a_star_lib.dir/src/rs_path.cpp.o[0m
[ 66%] [32mBuilding CXX object CMakeFiles/hybrid_a_star_lib.dir/src/hybrid_a_star_flow.cpp.o[0m
[ 77%] [32m[1mLinking CXX shared library libhybrid_a_star_lib.so[0m
[ 77%] Built target hybrid_a_star_lib
[ 88%] [32mBuilding CXX object CMakeFiles/hybrid_astar_launch.dir/app/run_hybrid_astar.cpp.o[0m
[100%] [32m[1mLinking CXX executable hybrid_astar_launch[0m
[100%] Built target hybrid_astar_launch
-- Install configuration: ""
-- Execute custom install script
-- Symlinking: /root/ACNMR/hybrid_a_star_ws/install/hybrid_a_star/lib/libhybrid_a_star_lib.so
-- Symlinking: /root/ACNMR/hybrid_a_star_ws/install/hybrid_a_star/lib/hybrid_a_star/hybrid_astar_launch
-- Symlinking: /root/ACNMR/hybrid_a_star_ws/install/hybrid_a_star/share/hybrid_a_star/maps/20220630.pgm
-- Symlinking: /root/ACNMR/hybrid_a_star_ws/install/hybrid_a_star/share/hybrid_a_star/maps/20220630.yaml
-- Symlinking: /root/ACNMR/hybrid_a_star_ws/install/hybrid_a_star/share/hybrid_a_star/maps/map.yaml
-- Symlinking: /root/ACNMR/hybrid_a_star_ws/install/hybrid_a_star/share/hybrid_a_star/maps/map_basic.png
-- Symlinking: /root/ACNMR/hybrid_a_star_ws/install/hybrid_a_star/share/hybrid_a_star/maps/map_dead_end.png
-- Symlinking: /root/ACNMR/hybrid_a_star_ws/install/hybrid_a_star/share/hybrid_a_star/maps/map_demo.png
-- Symlinking: /root/ACNMR/hybrid_a_star_ws/install/hybrid_a_star/share/hybrid_a_star/maps/map_empty.png
-- Symlinking: /root/ACNMR/hybrid_a_star_ws/install/hybrid_a_star/share/hybrid_a_star/maps/map_large.png
-- Symlinking: /root/ACNMR/hybrid_a_star_ws/install/hybrid_a_star/share/hybrid_a_star/maps/map_maze.png
-- Symlinking: /root/ACNMR/hybrid_a_star_ws/install/hybrid_a_star/share/hybrid_a_star/maps/map_parking.png
-- Symlinking: /root/ACNMR/hybrid_a_star_ws/install/hybrid_a_star/share/hybrid_a_star/maps/map_parking_lot.png
-- Symlinking: /root/ACNMR/hybrid_a_star_ws/install/hybrid_a_star/share/hybrid_a_star/maps/map_slalom.png
-- Symlinking: /root/ACNMR/hybrid_a_star_ws/install/hybrid_a_star/share/hybrid_a_star/launch/hybrid_a_star_launch_file.launch.xml
-- Symlinking: /root/ACNMR/hybrid_a_star_ws/install/hybrid_a_star/include/3rd/backward.hpp
-- Symlinking: /root/ACNMR/hybrid_a_star_ws/install/hybrid_a_star/include/hybrid_a_star/costmap_subscriber.h
-- Symlinking: /root/ACNMR/hybrid_a_star_ws/install/hybrid_a_star/include/hybrid_a_star/display_tools.h
-- Symlinking: /root/ACNMR/hybrid_a_star_ws/install/hybrid_a_star/include/hybrid_a_star/goal_pose_subscriber.h
-- Symlinking: /root/ACNMR/hybrid_a_star_ws/install/hybrid_a_star/include/hybrid_a_star/hybrid_a_star.h
-- Symlinking: /root/ACNMR/hybrid_a_star_ws/install/hybrid_a_star/include/hybrid_a_star/hybrid_a_star_flow.h
-- Symlinking: /root/ACNMR/hybrid_a_star_ws/install/hybrid_a_star/include/hybrid_a_star/init_pose_subscriber.h
-- Symlinking: /root/ACNMR/hybrid_a_star_ws/install/hybrid_a_star/include/hybrid_a_star/rs_path.h
-- Symlinking: /root/ACNMR/hybrid_a_star_ws/install/hybrid_a_star/include/hybrid_a_star/state_node.h
-- Symlinking: /root/ACNMR/hybrid_a_star_ws/install/hybrid_a_star/include/hybrid_a_star/timer.h
-- Symlinking: /root/ACNMR/hybrid_a_star_ws/install/hybrid_a_star/include/hybrid_a_star/trajectory_optimizer.h
-- Symlinking: /root/ACNMR/hybrid_a_star_ws/install/hybrid_a_star/include/hybrid_a_star/type.h
-- Symlinking: /root/ACNMR/hybrid_a_star_ws/install/hybrid_a_star/share/ament_index/resource_index/package_run_dependencies/hybrid_a_star
-- Symlinking: /root/ACNMR/hybrid_a_star_ws/install/hybrid_a_star/share/ament_index/resource_index/parent_prefix_path/hybrid_a_star
-- Symlinking: /root/ACNMR/hybrid_a_star_ws/install/hybrid_a_star/share/hybrid_a_star/environment/ament_prefix_path.sh
-- Symlinking: /root/ACNMR/hybrid_a_star_ws/install/hybrid_a_star/share/hybrid_a_star/environment/ament_prefix_path.dsv
-- Symlinking: /root/ACNMR/hybrid_a_star_ws/install/hybrid_a_star/share/hybrid_a_star/environment/path.sh
-- Symlinking: /root/ACNMR/hybrid_a_star_ws/install/hybrid_a_star/share/hybrid_a_star/environment/path.dsv
-- Symlinking: /root/ACNMR/hybrid_a_star_ws/install/hybrid_a_star/share/hybrid_a_star/local_setup.bash
-- Symlinking: /root/ACNMR/hybrid_a_star_ws/install/hybrid_a_star/share/hybrid_a_star/local_setup.sh
-- Symlinking: /root/ACNMR/hybrid_a_star_ws/install/hybrid_a_star/share/hybrid_a_star/local_setup.zsh
-- Symlinking: /root/ACNMR/hybrid_a_star_ws/install/hybrid_a_star/share/hybrid_a_star/local_setup.dsv
-- Symlinking: /root/ACNMR/hybrid_a_star_ws/install/hybrid_a_star/share/hybrid_a_star/package.dsv
-- Symlinking: /root/ACNMR/hybrid_a_star_ws/install/hybrid_a_star/share/ament_index/resource_index/packages/hybrid_a_star
-- Symlinking: /root/ACNMR/hybrid_a_star_ws/install/hybrid_a_star/share/hybrid_a_star/cmake/hybrid_a_starConfig.cmake
-- Symlinking: /root/ACNMR/hybrid_a_star_ws/install/hybrid_a_star/share/hybrid_a_star/cmake/hybrid_a_starConfig-version.cmake
-- Symlinking: /root/ACNMR/hybrid_a_star_ws/install/hybrid_a_star/share/hybrid_a_star/package.xml
